Using pre-set license
Built from '2021.3/staging' branch; Version is '2021.3.10f1 (1c7d0df0160b) revision 1867021'; Using compiler version '192829333'; Build Type 'Release'
OS: 'Windows 11  (10.0.22621) 64bit Professional' Language: 'en' Physical Memory: 32693 MB
BatchMode: 1, IsHumanControllingUs: 0, StartBugReporterOnCrash: 0, Is64bit: 1, IsPro: 1

COMMAND LINE ARGUMENTS:
C:\Program Files\Unity\Hub\Editor\2021.3.10f1\Editor\Unity.exe
-adb2
-batchMode
-noUpm
-name
AssetImportWorker4
-projectPath
C:/Users/aaron/Documents/GitHub/PirateGame/Pirate Game
-logFile
Logs/AssetImportWorker4.log
-srvPort
50388
Successfully changed project path to: C:/Users/aaron/Documents/GitHub/PirateGame/Pirate Game
C:/Users/aaron/Documents/GitHub/PirateGame/Pirate Game
[UnityMemory] Configuration Parameters - Can be set up in boot.config
    "memorysetup-bucket-allocator-granularity=16"
    "memorysetup-bucket-allocator-bucket-count=8"
    "memorysetup-bucket-allocator-block-size=33554432"
    "memorysetup-bucket-allocator-block-count=8"
    "memorysetup-main-allocator-block-size=16777216"
    "memorysetup-thread-allocator-block-size=16777216"
    "memorysetup-gfx-main-allocator-block-size=16777216"
    "memorysetup-gfx-thread-allocator-block-size=16777216"
    "memorysetup-cache-allocator-block-size=4194304"
    "memorysetup-typetree-allocator-block-size=2097152"
    "memorysetup-profiler-bucket-allocator-granularity=16"
    "memorysetup-profiler-bucket-allocator-bucket-count=8"
    "memorysetup-profiler-bucket-allocator-block-size=33554432"
    "memorysetup-profiler-bucket-allocator-block-count=8"
    "memorysetup-profiler-allocator-block-size=16777216"
    "memorysetup-profiler-editor-allocator-block-size=1048576"
    "memorysetup-temp-allocator-size-main=16777216"
    "memorysetup-job-temp-allocator-block-size=2097152"
    "memorysetup-job-temp-allocator-block-size-background=1048576"
    "memorysetup-job-temp-allocator-reduction-small-platforms=262144"
    "memorysetup-temp-allocator-size-background-worker=32768"
    "memorysetup-temp-allocator-size-job-worker=262144"
    "memorysetup-temp-allocator-size-preload-manager=33554432"
    "memorysetup-temp-allocator-size-nav-mesh-worker=65536"
    "memorysetup-temp-allocator-size-audio-worker=65536"
    "memorysetup-temp-allocator-size-cloud-worker=32768"
    "memorysetup-temp-allocator-size-gi-baking-worker=262144"
    "memorysetup-temp-allocator-size-gfx=262144"
Refreshing native plugins compatible for Editor in 145.04 ms, found 4 plugins.
Preloading 0 native plugins for Editor in 0.00 ms.
Initialize engine version: 2021.3.10f1 (1c7d0df0160b)
[Subsystems] Discovering subsystems at path C:/Program Files/Unity/Hub/Editor/2021.3.10f1/Editor/Data/Resources/UnitySubsystems
[Subsystems] Discovering subsystems at path C:/Users/aaron/Documents/GitHub/PirateGame/Pirate Game/Assets
GfxDevice: creating device client; threaded=0; jobified=0
Direct3D:
    Version:  Direct3D 11.0 [level 11.1]
    Renderer: Radeon RX 560 Series (ID=0x67ff)
    Vendor:   ATI
    VRAM:     4074 MB
    Driver:   31.0.14043.1000
Initialize mono
Mono path[0] = 'C:/Program Files/Unity/Hub/Editor/2021.3.10f1/Editor/Data/Managed'
Mono path[1] = 'C:/Program Files/Unity/Hub/Editor/2021.3.10f1/Editor/Data/MonoBleedingEdge/lib/mono/unityjit-win32'
Mono config path = 'C:/Program Files/Unity/Hub/Editor/2021.3.10f1/Editor/Data/MonoBleedingEdge/etc'
Using monoOptions --debugger-agent=transport=dt_socket,embedding=1,server=y,suspend=n,address=127.0.0.1:56784
Begin MonoManager ReloadAssembly
Registering precompiled unity dll's ...
Register platform support module: C:/Program Files/Unity/Hub/Editor/2021.3.10f1/Editor/Data/PlaybackEngines/WindowsStandaloneSupport/UnityEditor.WindowsStandalone.Extensions.dll
Registered in 0.004200 seconds.
Native extension for WindowsStandalone target not found
Refreshing native plugins compatible for Editor in 149.70 ms, found 4 plugins.
Preloading 0 native plugins for Editor in 0.00 ms.
Mono: successfully reloaded assembly
- Completed reload, in  0.827 seconds
Domain Reload Profiling:
	ReloadAssembly (827ms)
		BeginReloadAssembly (84ms)
			ExecutionOrderSort (0ms)
			DisableScriptedObjects (0ms)
			BackupInstance (0ms)
			ReleaseScriptingObjects (0ms)
			CreateAndSetChildDomain (1ms)
		EndReloadAssembly (623ms)
			LoadAssemblies (82ms)
			RebuildTransferFunctionScriptingTraits (0ms)
			SetupTypeCache (156ms)
			ReleaseScriptCaches (0ms)
			RebuildScriptCaches (36ms)
			SetupLoadedEditorAssemblies (373ms)
				LogAssemblyErrors (0ms)
				InitializePlatformSupportModulesInManaged (8ms)
				SetLoadedEditorAssemblies (0ms)
				RefreshPlugins (150ms)
				BeforeProcessingInitializeOnLoad (3ms)
				ProcessInitializeOnLoadAttributes (166ms)
				ProcessInitializeOnLoadMethodAttributes (46ms)
				AfterProcessingInitializeOnLoad (0ms)
				EditorAssembliesLoaded (0ms)
			ExecutionOrderSort2 (0ms)
			AwakeInstancesAfterBackupRestoration (0ms)
Platform modules already initialized, skipping
Registering precompiled user dll's ...
Registered in 0.010213 seconds.
Begin MonoManager ReloadAssembly
Symbol file LoadedFromMemory doesn't match image C:\Users\aaron\Documents\GitHub\PirateGame\Pirate Game\Library\PackageCache\com.unity.visualscripting@1.7.8\Editor\VisualScripting.Core\Dependencies\YamlDotNet\Unity.VisualScripting.YamlDotNet.dll
Symbol file LoadedFromMemory doesn't match image C:\Users\aaron\Documents\GitHub\PirateGame\Pirate Game\Library\PackageCache\com.unity.visualscripting@1.7.8\Editor\VisualScripting.Core\Dependencies\DotNetZip\Unity.VisualScripting.IonicZip.dll
Native extension for WindowsStandalone target not found
Refreshing native plugins compatible for Editor in 141.03 ms, found 4 plugins.
Preloading 0 native plugins for Editor in 0.00 ms.
Mirror | mirror-networking.com | discord.gg/N9QVxbM
UnityEngine.StackTraceUtility:ExtractStackTrace ()
UnityEngine.DebugLogHandler:LogFormat (UnityEngine.LogType,UnityEngine.Object,string,object[])
UnityEngine.Logger:Log (UnityEngine.LogType,object)
UnityEngine.Debug:Log (object)
Mirror.Welcome:OnInitializeOnLoad () (at Assets/Mirror/Editor/Welcome.cs:18)
System.Reflection.RuntimeMethodInfo:Invoke (object,System.Reflection.BindingFlags,System.Reflection.Binder,object[],System.Globalization.CultureInfo)
System.Reflection.MethodBase:Invoke (object,object[])
UnityEditor.EditorAssemblies:ProcessInitializeOnLoadMethodAttributes ()

(Filename: Assets/Mirror/Editor/Welcome.cs Line: 18)

Mono: successfully reloaded assembly
- Completed reload, in  1.607 seconds
Domain Reload Profiling:
	ReloadAssembly (1608ms)
		BeginReloadAssembly (113ms)
			ExecutionOrderSort (0ms)
			DisableScriptedObjects (6ms)
			BackupInstance (0ms)
			ReleaseScriptingObjects (0ms)
			CreateAndSetChildDomain (26ms)
		EndReloadAssembly (1386ms)
			LoadAssemblies (104ms)
			RebuildTransferFunctionScriptingTraits (0ms)
			SetupTypeCache (333ms)
			ReleaseScriptCaches (1ms)
			RebuildScriptCaches (105ms)
			SetupLoadedEditorAssemblies (796ms)
				LogAssemblyErrors (0ms)
				InitializePlatformSupportModulesInManaged (4ms)
				SetLoadedEditorAssemblies (0ms)
				RefreshPlugins (141ms)
				BeforeProcessingInitializeOnLoad (137ms)
				ProcessInitializeOnLoadAttributes (341ms)
				ProcessInitializeOnLoadMethodAttributes (164ms)
				AfterProcessingInitializeOnLoad (7ms)
				EditorAssembliesLoaded (0ms)
			ExecutionOrderSort2 (0ms)
			AwakeInstancesAfterBackupRestoration (5ms)
Platform modules already initialized, skipping
========================================================================
Worker process is ready to serve import requests
Launched and connected shader compiler UnityShaderCompiler.exe after 0.07 seconds
Refreshing native plugins compatible for Editor in 1.48 ms, found 4 plugins.
Preloading 0 native plugins for Editor in 0.00 ms.
Unloading 6757 Unused Serialized files (Serialized files now loaded: 0)
Unloading 64 unused Assets / (3.8 MB). Loaded Objects now: 7196.
Memory consumption went from 296.6 MB to 292.9 MB.
Total: 6.241300 ms (FindLiveObjects: 0.561300 ms CreateObjectMapping: 0.222000 ms MarkObjects: 4.540500 ms  DeleteObjects: 0.916200 ms)

AssetImportParameters requested are different than current active one (requested -> active):
  custom:video-decoder-ogg-theora: a1e56fd34408186e4bbccfd4996cb3dc -> 
  custom:container-muxer-webm: aa71ff27fc2769a1b78a27578f13a17b -> 
  custom:container-demuxer-webm: 4f35f7cbe854078d1ac9338744f61a02 -> 
  custom:video-encoder-webm-vp8: eb34c28f22e8b96e1ab97ce403110664 -> 
  custom:video-codec-MediaFoundation-h265: 746d11721c4dcdbdad8f713fa42b33f4 -> 
  custom:audio-encoder-webm-vorbis: bf7c407c2cedff20999df2af8eb42d56 -> 
  custom:framework-win-MediaFoundation: 216162199b28c13a410421893ffa2e32 -> 
  custom:container-demuxer-ogg: 62fdf1f143b41e24485cea50d1cbac27 -> 
  custom:video-decoder-webm-vp8: 9c59270c3fd7afecdb556c50c9e8de78 -> 
  custom:audio-decoder-ogg-vorbis: bf7c407c2cedff20999df2af8eb42d56 -> 
========================================================================
Received Import Request.
  Time since last request: 2436511.889556 seconds.
  path: Assets/Models
  artifactKey: Guid(4fcb1ee117474204aa9ba4fc2a91cb72) Importer(815301076,1909f56bfc062723c751e8b465ee728b)
Start importing Assets/Models using Guid(4fcb1ee117474204aa9ba4fc2a91cb72) Importer(815301076,1909f56bfc062723c751e8b465ee728b)  -> (artifact id: 'b01ffb5152014dcb927e9069dd418b2c') in 0.018679 seconds 
========================================================================
Received Import Request.
  Time since last request: 185.953553 seconds.
  path: Assets/Models/Room.fbx
  artifactKey: Guid(c234ebe55c1cf144e8b744bb9a98b199) Importer(815301076,1909f56bfc062723c751e8b465ee728b)
Start importing Assets/Models/Room.fbx using Guid(c234ebe55c1cf144e8b744bb9a98b199) Importer(815301076,1909f56bfc062723c751e8b465ee728b)  -> (artifact id: '70e1f793a6932347f14de2814ed95d72') in 1.036948 seconds 
========================================================================
Received Import Request.
  Time since last request: 18.932969 seconds.
  path: Assets/Models/Barn.fbx
  artifactKey: Guid(b537754e9d3868c4eb92e34186bb8db4) Importer(815301076,1909f56bfc062723c751e8b465ee728b)
Start importing Assets/Models/Barn.fbx using Guid(b537754e9d3868c4eb92e34186bb8db4) Importer(815301076,1909f56bfc062723c751e8b465ee728b)  -> (artifact id: 'bf99660438a2521d1bca658af50a41fe') in 0.077928 seconds 
========================================================================
Received Import Request.
  Time since last request: 47.430429 seconds.
  path: Assets/Prefab/Barn.prefab
  artifactKey: Guid(900083c9a0302654fb531c0694f5e4cb) Importer(815301076,1909f56bfc062723c751e8b465ee728b)
Start importing Assets/Prefab/Barn.prefab using Guid(900083c9a0302654fb531c0694f5e4cb) Importer(815301076,1909f56bfc062723c751e8b465ee728b)  -> (artifact id: '539bfbed1fcc05f39c086bbef239699e') in 0.039569 seconds 
========================================================================
Received Import Request.
  Time since last request: 4.445889 seconds.
  path: Assets/Scene/Game/Sky and Fog Settings Profile.asset
  artifactKey: Guid(d9b0a5de77ac89a428c49308c327939e) Importer(815301076,1909f56bfc062723c751e8b465ee728b)
Start importing Assets/Scene/Game/Sky and Fog Settings Profile.asset using Guid(d9b0a5de77ac89a428c49308c327939e) Importer(815301076,1909f56bfc062723c751e8b465ee728b)  -> (artifact id: '34d6007c7328da2fafb79a9ad1553c20') in 0.086233 seconds 
========================================================================
Received Import Request.
  Time since last request: 0.360965 seconds.
  path: Assets/Scene/Game/Game.unity
  artifactKey: Guid(6abd615c94fbabb45a09591cb0445d78) Importer(815301076,1909f56bfc062723c751e8b465ee728b)
Start importing Assets/Scene/Game/Game.unity using Guid(6abd615c94fbabb45a09591cb0445d78) Importer(815301076,1909f56bfc062723c751e8b465ee728b)  -> (artifact id: '737196e3e8581181986de33c1c69fe81') in 0.001921 seconds 
========================================================================
Received Import Request.
  Time since last request: 22.438767 seconds.
  path: Assets/Prefab/Barn.prefab
  artifactKey: Guid(900083c9a0302654fb531c0694f5e4cb) Importer(815301076,1909f56bfc062723c751e8b465ee728b)
Start importing Assets/Prefab/Barn.prefab using Guid(900083c9a0302654fb531c0694f5e4cb) Importer(815301076,1909f56bfc062723c751e8b465ee728b)  -> (artifact id: '5c21711291a071dfeef82f52374cba69') in 0.072310 seconds 
========================================================================
Received Import Request.
  Time since last request: 1.334447 seconds.
  path: Assets/Prefab/Barn.prefab
  artifactKey: Guid(900083c9a0302654fb531c0694f5e4cb) Importer(815301076,1909f56bfc062723c751e8b465ee728b)
Start importing Assets/Prefab/Barn.prefab using Guid(900083c9a0302654fb531c0694f5e4cb) Importer(815301076,1909f56bfc062723c751e8b465ee728b)  -> (artifact id: 'b8ffc5058fee4dc314a0317998614402') in 0.035170 seconds 
========================================================================
Received Import Request.
  Time since last request: 6.079002 seconds.
  path: Assets/Prefab/Barn.prefab
  artifactKey: Guid(900083c9a0302654fb531c0694f5e4cb) Importer(815301076,1909f56bfc062723c751e8b465ee728b)
Start importing Assets/Prefab/Barn.prefab using Guid(900083c9a0302654fb531c0694f5e4cb) Importer(815301076,1909f56bfc062723c751e8b465ee728b)  -> (artifact id: 'd4ba52998de059ad7a51224efd514077') in 0.044326 seconds 
========================================================================
Received Import Request.
  Time since last request: 2.795690 seconds.
  path: Assets/Prefab/Barn.prefab
  artifactKey: Guid(900083c9a0302654fb531c0694f5e4cb) Importer(815301076,1909f56bfc062723c751e8b465ee728b)
Start importing Assets/Prefab/Barn.prefab using Guid(900083c9a0302654fb531c0694f5e4cb) Importer(815301076,1909f56bfc062723c751e8b465ee728b)  -> (artifact id: 'ea70f31a9ce6630c53bb12fb569975bf') in 0.018832 seconds 
========================================================================
Received Import Request.
  Time since last request: 2.404959 seconds.
  path: Assets/Prefab/Barn.prefab
  artifactKey: Guid(900083c9a0302654fb531c0694f5e4cb) Importer(815301076,1909f56bfc062723c751e8b465ee728b)
Start importing Assets/Prefab/Barn.prefab using Guid(900083c9a0302654fb531c0694f5e4cb) Importer(815301076,1909f56bfc062723c751e8b465ee728b)  -> (artifact id: '3bbe86c5af7b97917f244e11073caf8c') in 0.262101 seconds 
========================================================================
Received Import Request.
  Time since last request: 21.788780 seconds.
  path: Assets/Scene/Main Menu/MainMenu.unity
  artifactKey: Guid(8124e5870f4fd4c779e7a5f994e84ad1) Importer(815301076,1909f56bfc062723c751e8b465ee728b)
Start importing Assets/Scene/Main Menu/MainMenu.unity using Guid(8124e5870f4fd4c779e7a5f994e84ad1) Importer(815301076,1909f56bfc062723c751e8b465ee728b)  -> (artifact id: '7eb9225144c8ff98632898722747361b') in 0.002349 seconds 
========================================================================
Received Prepare
Registering precompiled user dll's ...
Registered in 0.007830 seconds.
Begin MonoManager ReloadAssembly
Symbol file LoadedFromMemory doesn't match image C:\Users\aaron\Documents\GitHub\PirateGame\Pirate Game\Library\PackageCache\com.unity.visualscripting@1.7.8\Editor\VisualScripting.Core\Dependencies\YamlDotNet\Unity.VisualScripting.YamlDotNet.dll
Symbol file LoadedFromMemory doesn't match image C:\Users\aaron\Documents\GitHub\PirateGame\Pirate Game\Library\PackageCache\com.unity.visualscripting@1.7.8\Editor\VisualScripting.Core\Dependencies\DotNetZip\Unity.VisualScripting.IonicZip.dll
Native extension for WindowsStandalone target not found
Refreshing native plugins compatible for Editor in 2.48 ms, found 4 plugins.
Preloading 0 native plugins for Editor in 0.00 ms.
Mono: successfully reloaded assembly
- Completed reload, in  1.373 seconds
Domain Reload Profiling:
	ReloadAssembly (1374ms)
		BeginReloadAssembly (221ms)
			ExecutionOrderSort (0ms)
			DisableScriptedObjects (40ms)
			BackupInstance (0ms)
			ReleaseScriptingObjects (1ms)
			CreateAndSetChildDomain (81ms)
		EndReloadAssembly (1058ms)
			LoadAssemblies (94ms)
			RebuildTransferFunctionScriptingTraits (0ms)
			SetupTypeCache (308ms)
			ReleaseScriptCaches (3ms)
			RebuildScriptCaches (67ms)
			SetupLoadedEditorAssemblies (460ms)
				LogAssemblyErrors (0ms)
				InitializePlatformSupportModulesInManaged (11ms)
				SetLoadedEditorAssemblies (0ms)
				RefreshPlugins (3ms)
				BeforeProcessingInitializeOnLoad (103ms)
				ProcessInitializeOnLoadAttributes (293ms)
				ProcessInitializeOnLoadMethodAttributes (44ms)
				AfterProcessingInitializeOnLoad (7ms)
				EditorAssembliesLoaded (0ms)
			ExecutionOrderSort2 (0ms)
			AwakeInstancesAfterBackupRestoration (17ms)
Platform modules already initialized, skipping
Refreshing native plugins compatible for Editor in 4.46 ms, found 4 plugins.
Preloading 0 native plugins for Editor in 0.00 ms.
Unloading 6438 Unused Serialized files (Serialized files now loaded: 0)
Unloading 57 unused Assets / (3.8 MB). Loaded Objects now: 7353.
Memory consumption went from 286.9 MB to 283.1 MB.
Total: 4.702900 ms (FindLiveObjects: 0.519300 ms CreateObjectMapping: 0.184000 ms MarkObjects: 3.067100 ms  DeleteObjects: 0.931300 ms)

AssetImportParameters requested are different than current active one (requested -> active):
  custom:video-decoder-ogg-theora: a1e56fd34408186e4bbccfd4996cb3dc -> 
  custom:container-muxer-webm: aa71ff27fc2769a1b78a27578f13a17b -> 
  custom:container-demuxer-webm: 4f35f7cbe854078d1ac9338744f61a02 -> 
  custom:video-encoder-webm-vp8: eb34c28f22e8b96e1ab97ce403110664 -> 
  custom:video-codec-MediaFoundation-h265: 746d11721c4dcdbdad8f713fa42b33f4 -> 
  custom:audio-encoder-webm-vorbis: bf7c407c2cedff20999df2af8eb42d56 -> 
  custom:framework-win-MediaFoundation: 216162199b28c13a410421893ffa2e32 -> 
  custom:container-demuxer-ogg: 62fdf1f143b41e24485cea50d1cbac27 -> 
  custom:video-decoder-webm-vp8: 9c59270c3fd7afecdb556c50c9e8de78 -> 
  custom:audio-decoder-ogg-vorbis: bf7c407c2cedff20999df2af8eb42d56 -> 
========================================================================
Received Import Request.
  Time since last request: 76.530126 seconds.
  path: Assets/Prefab/Barn.prefab
  artifactKey: Guid(900083c9a0302654fb531c0694f5e4cb) Importer(815301076,1909f56bfc062723c751e8b465ee728b)
Start importing Assets/Prefab/Barn.prefab using Guid(900083c9a0302654fb531c0694f5e4cb) Importer(815301076,1909f56bfc062723c751e8b465ee728b)  -> (artifact id: '6d940354a4fd2a8afae34c0a8aff99f1') in 1.023130 seconds 
========================================================================
Received Import Request.
  Time since last request: 2.588537 seconds.
  path: Assets/Prefab/Barn.prefab
  artifactKey: Guid(900083c9a0302654fb531c0694f5e4cb) Importer(815301076,1909f56bfc062723c751e8b465ee728b)
Start importing Assets/Prefab/Barn.prefab using Guid(900083c9a0302654fb531c0694f5e4cb) Importer(815301076,1909f56bfc062723c751e8b465ee728b)  -> (artifact id: 'cd2eb77be262fec5bb991188db25cf8f') in 0.064619 seconds 
